<?xml version="1.0" encoding="UTF-8"?>
<!-- Generated by org.testng.reporters.JUnitXMLReporter -->
<testsuite hostname="DESKTOP-1CO8AH3" ignored="0" name="Default test" tests="5" failures="0" timestamp="2023-03-15T16:33:31 IST" time="55.403" errors="0">
  <testcase name="log" time="9.384" classname="testScripts.CaseStudyTest"/>
  <testcase name="addItem" time="5.481" classname="testScripts.CaseStudyTest"/>
  <testcase name="addItem" time="5.263" classname="testScripts.CaseStudyTest"/>
  <testcase name="addItem" time="5.081" classname="testScripts.CaseStudyTest"/>
  <testcase name="purchase" time="14.394" classname="testScripts.CaseStudyTest"/>
</testsuite> <!-- Default test -->
