<?xml version="1.0" encoding="UTF-8"?>
<testng-results skipped="0" failed="0" ignored="0" total="5" passed="5">
  <reporter-output>
  </reporter-output>
  <suite name="Default suite" duration-ms="55403" started-at="2023-03-15T16:32:36 IST" finished-at="2023-03-15T16:33:31 IST">
    <groups>
    </groups>
    <test name="Default test" duration-ms="55403" started-at="2023-03-15T16:32:36 IST" finished-at="2023-03-15T16:33:31 IST">
      <class name="testScripts.CaseStudyTest">
        <test-method status="PASS" signature="setup()[pri:0, instance:testScripts.CaseStudyTest@545997b1]" name="setup" is-config="true" duration-ms="14666" started-at="2023-03-15T16:32:36 IST" finished-at="2023-03-15T16:32:51 IST">
          <reporter-output>
          </reporter-output>
        </test-method> <!-- setup -->
        <test-method status="PASS" signature="log()[pri:1, instance:testScripts.CaseStudyTest@545997b1]" name="log" duration-ms="9384" started-at="2023-03-15T16:32:51 IST" finished-at="2023-03-15T16:33:00 IST">
          <reporter-output>
          </reporter-output>
        </test-method> <!-- log -->
        <test-method status="PASS" signature="addItem(java.lang.String)[pri:2, instance:testScripts.CaseStudyTest@545997b1]" name="addItem" duration-ms="5481" started-at="2023-03-15T16:33:01 IST" data-provider="MultiData" finished-at="2023-03-15T16:33:07 IST">
          <params>
            <param index="0">
              <value>
                <![CDATA[Nokia lumia 1520]]>
              </value>
            </param>
          </params>
          <reporter-output>
          </reporter-output>
        </test-method> <!-- addItem -->
        <test-method status="PASS" signature="addItem(java.lang.String)[pri:2, instance:testScripts.CaseStudyTest@545997b1]" name="addItem" duration-ms="5263" started-at="2023-03-15T16:33:07 IST" data-provider="MultiData" finished-at="2023-03-15T16:33:12 IST">
          <params>
            <param index="0">
              <value>
                <![CDATA[Nexus 6]]>
              </value>
            </param>
          </params>
          <reporter-output>
          </reporter-output>
        </test-method> <!-- addItem -->
        <test-method status="PASS" signature="addItem(java.lang.String)[pri:2, instance:testScripts.CaseStudyTest@545997b1]" name="addItem" duration-ms="5081" started-at="2023-03-15T16:33:12 IST" data-provider="MultiData" finished-at="2023-03-15T16:33:17 IST">
          <params>
            <param index="0">
              <value>
                <![CDATA[Samsung galaxy s7]]>
              </value>
            </param>
          </params>
          <reporter-output>
          </reporter-output>
        </test-method> <!-- addItem -->
        <test-method status="PASS" signature="purchase()[pri:3, instance:testScripts.CaseStudyTest@545997b1]" name="purchase" duration-ms="14394" started-at="2023-03-15T16:33:17 IST" finished-at="2023-03-15T16:33:31 IST">
          <reporter-output>
          </reporter-output>
        </test-method> <!-- purchase -->
      </class> <!-- testScripts.CaseStudyTest -->
    </test> <!-- Default test -->
  </suite> <!-- Default suite -->
</testng-results>
